#
# There is insufficient memory for the Java Runtime Environment to continue.
# Native memory allocation (malloc) failed to allocate 754176 bytes for Chunk::new
# Possible reasons:
#   The system is out of physical RAM or swap space
#   The process is running with CompressedOops enabled, and the Java Heap may be blocking the growth of the native heap
# Possible solutions:
#   Reduce memory load on the system
#   Increase physical memory or swap space
#   Check if swap backing store is full
#   Decrease Java heap size (-Xmx/-Xms)
#   Decrease number of Java threads
#   Decrease Java thread stack sizes (-Xss)
#   Set larger code cache with -XX:ReservedCodeCacheSize=
#   JVM is running with Unscaled Compressed Oops mode in which the Java heap is
#     placed in the first 4GB address space. The Java Heap base address is the
#     maximum limit for the native heap growth. Please use -XX:HeapBaseMinAddress
#     to set the Java Heap base and to place the Java Heap above 4GB virtual address.
# This output file may be truncated or incomplete.
#
#  Out of Memory Error (allocation.cpp:389), pid=1440, tid=0x0000000000001fd0
#
# JRE version: OpenJDK Runtime Environment (8.0_242-b01) (build 1.8.0_242-release-1644-b01)
# Java VM: OpenJDK 64-Bit Server VM (25.242-b01 mixed mode windows-amd64 compressed oops)
# Failed to write core dump. Minidumps are not enabled by default on client versions of Windows
#

---------------  T H R E A D  ---------------

Current thread (0x0000000014558800):  JavaThread "C2 CompilerThread0" daemon [_thread_in_native, id=8144, stack(0x0000000016c20000,0x0000000016d20000)]

Stack: [0x0000000016c20000,0x0000000016d20000]
[error occurred during error reporting (printing stack bounds), id 0xc0000005]

Native frames: (J=compiled Java code, j=interpreted, Vv=VM code, C=native code)


Current CompileTask:
C2:   6169 3436       4       org.objectweb.asm.Frame::execute (2318 bytes)


---------------  P R O C E S S  ---------------

Java Threads: ( => current thread )
  0x0000000019078800 JavaThread "Cache worker for execution history cache (C:\Users\Dimon\.gradle\caches\6.1.1\executionHistory)" [_thread_blocked, id=7072, stack(0x000000001eb10000,0x000000001ec10000)]
  0x0000000019075000 JavaThread "Cache worker for cache directory md-rule (C:\Users\Dimon\.gradle\caches\6.1.1\md-rule)" [_thread_blocked, id=2028, stack(0x000000001ea10000,0x000000001eb10000)]
  0x0000000019077000 JavaThread "Cache worker for cache directory md-supplier (C:\Users\Dimon\.gradle\caches\6.1.1\md-supplier)" [_thread_blocked, id=7252, stack(0x000000001e910000,0x000000001ea10000)]
  0x0000000019076800 JavaThread "Cache worker for file hash cache (D:\AndroidProjects\QuizBook-master fail\.gradle\6.1.1\fileHashes)" [_thread_blocked, id=8676, stack(0x000000001e810000,0x000000001e910000)]
  0x0000000019073800 JavaThread "Cache worker for checksums cache (D:\AndroidProjects\QuizBook-master fail\.gradle\checksums)" [_thread_blocked, id=5460, stack(0x000000001e710000,0x000000001e810000)]
  0x0000000019078000 JavaThread "Cache worker for file hash cache (C:\Users\Dimon\.gradle\caches\6.1.1\fileHashes)" [_thread_blocked, id=7728, stack(0x000000001b040000,0x000000001b140000)]
  0x0000000019075800 JavaThread "File lock request listener" [_thread_in_native, id=4660, stack(0x000000001af40000,0x000000001b040000)]
  0x000000001909a800 JavaThread "Cache worker for journal cache (C:\Users\Dimon\.gradle\caches\journal-1)" [_thread_blocked, id=8876, stack(0x000000001ae40000,0x000000001af40000)]
  0x0000000018d7d800 JavaThread "Thread-9" [_thread_blocked, id=3936, stack(0x000000001ab40000,0x000000001ac40000)]
  0x0000000018d81000 JavaThread "Stdin handler" [_thread_blocked, id=10056, stack(0x000000001aa40000,0x000000001ab40000)]
  0x0000000018d80000 JavaThread "Asynchronous log dispatcher for DefaultDaemonConnection: socket connection from /127.0.0.1:49995 to /127.0.0.1:49997" [_thread_blocked, id=9888, stack(0x000000001a940000,0x000000001aa40000)]
  0x0000000018d7e800 JavaThread "Daemon worker" [_thread_in_native, id=9156, stack(0x000000001a840000,0x000000001a940000)]
  0x0000000018d74800 JavaThread "Cancel handler" [_thread_blocked, id=376, stack(0x000000001a740000,0x000000001a840000)]
  0x0000000018d53000 JavaThread "Handler for socket connection from /127.0.0.1:49995 to /127.0.0.1:49997" [_thread_in_native, id=1296, stack(0x000000001a440000,0x000000001a540000)]
  0x0000000018d35800 JavaThread "Daemon" [_thread_blocked, id=2752, stack(0x000000001a340000,0x000000001a440000)]
  0x0000000018cec800 JavaThread "Daemon periodic checks" [_thread_blocked, id=7876, stack(0x000000001a240000,0x000000001a340000)]
  0x0000000018ceb800 JavaThread "Incoming local TCP Connector on port 49995" [_thread_in_native, id=9688, stack(0x000000001a000000,0x000000001a100000)]
  0x0000000018c30000 JavaThread "Daemon health stats" [_thread_blocked, id=7932, stack(0x00000000199c0000,0x0000000019ac0000)]
  0x00000000163e4800 JavaThread "Service Thread" daemon [_thread_blocked, id=8004, stack(0x0000000017020000,0x0000000017120000)]
  0x0000000016363800 JavaThread "C1 CompilerThread3" daemon [_thread_blocked, id=3188, stack(0x0000000016f20000,0x0000000017020000)]
  0x000000001635f800 JavaThread "C2 CompilerThread2" daemon [_thread_in_native, id=4772, stack(0x0000000016e20000,0x0000000016f20000)]
  0x000000001455c800 JavaThread "C2 CompilerThread1" daemon [_thread_in_native, id=7240, stack(0x0000000016d20000,0x0000000016e20000)]
=>0x0000000014558800 JavaThread "C2 CompilerThread0" daemon [_thread_in_native, id=8144, stack(0x0000000016c20000,0x0000000016d20000)]
  0x0000000016354000 JavaThread "Attach Listener" daemon [_thread_blocked, id=6156, stack(0x0000000016b20000,0x0000000016c20000)]
  0x0000000016353000 JavaThread "Signal Dispatcher" daemon [_thread_blocked, id=6676, stack(0x0000000016a20000,0x0000000016b20000)]
  0x0000000002cdd800 JavaThread "Finalizer" daemon [_thread_blocked, id=4384, stack(0x0000000016820000,0x0000000016920000)]
  0x0000000002cd7000 JavaThread "Reference Handler" daemon [_thread_blocked, id=9388, stack(0x0000000016720000,0x0000000016820000)]
  0x0000000002bdd800 JavaThread "main" [_thread_blocked, id=1648, stack(0x0000000002a70000,0x0000000002b70000)]

Other Threads:
  0x0000000014546000 VMThread [stack: 0x0000000016220000,0x0000000016320000] [id=2440]
  0x00000000163e5000 WatcherThread [stack: 0x0000000017120000,0x0000000017220000] [id=2088]

VM state:not at safepoint (normal execution)

VM Mutex/Monitor currently owned by a thread: None

heap address: 0x00000000e0000000, size: 512 MB, Compressed Oops mode: 32-bit
Narrow klass base: 0x0000000000000000, Narrow klass shift: 3
Compressed class space size: 1073741824 Address: 0x0000000100000000

Heap:
 PSYoungGen      total 122880K, used 79188K [0x00000000f5580000, 0x00000000fd980000, 0x0000000100000000)
  eden space 110592K, 71% used [0x00000000f5580000,0x00000000fa2d50b0,0x00000000fc180000)
  from space 12288K, 0% used [0x00000000fc180000,0x00000000fc180000,0x00000000fcd80000)
  to   space 11264K, 0% used [0x00000000fce80000,0x00000000fce80000,0x00000000fd980000)
 ParOldGen       total 175104K, used 14027K [0x00000000e0000000, 0x00000000eab00000, 0x00000000f5580000)
  object space 175104K, 8% used [0x00000000e0000000,0x00000000e0db2e10,0x00000000eab00000)
 Metaspace       used 38266K, capacity 39394K, committed 39472K, reserved 1083392K
  class space    used 5123K, capacity 5417K, committed 5424K, reserved 1048576K

Card table byte_map: [0x00000000120a0000,0x00000000121b0000] byte_map_base: 0x00000000119a0000

Marking Bits: (ParMarkBitMap*) 0x0000000059d9f030
 Begin Bits: [0x0000000012a60000, 0x0000000013260000)
 End Bits:   [0x0000000013260000, 0x0000000013a60000)

Polling page: 0x0000000000d00000

CodeCache: size=245760Kb used=13612Kb max_used=13612Kb free=232147Kb
 bounds [0x0000000002ce0000, 0x0000000003a40000, 0x0000000011ce0000]
 total_blobs=4149 nmethods=3429 adapters=632
 compilation: enabled

Compilation events (10 events):
Event: 6.126 Thread 0x0000000016363800 3463       3       java.net.URLStreamHandler::sameFile (136 bytes)
Event: 6.127 Thread 0x0000000016363800 nmethod 3463 0x0000000003a300d0 code [0x0000000003a302a0, 0x0000000003a312e8]
Event: 6.127 Thread 0x0000000016363800 3464       1       org.gradle.internal.instantiation.generator.AbstractClassGenerator$GeneratedClassImpl::getConstructors (5 bytes)
Event: 6.127 Thread 0x0000000016363800 nmethod 3464 0x0000000003a31550 code [0x0000000003a316a0, 0x0000000003a317b0]
Event: 6.131 Thread 0x0000000016363800 3465       3       org.gradle.internal.service.DefaultServiceRegistry::find (28 bytes)
Event: 6.131 Thread 0x0000000016363800 nmethod 3465 0x0000000003a31810 code [0x0000000003a319c0, 0x0000000003a31d68]
Event: 6.131 Thread 0x0000000016363800 3466       3       org.gradle.internal.service.DefaultServiceRegistry::getService (13 bytes)
Event: 6.131 Thread 0x0000000016363800 nmethod 3466 0x0000000003a31f10 code [0x0000000003a32080, 0x0000000003a32258]
Event: 6.131 Thread 0x0000000016363800 3467       1       org.gradle.internal.instantiation.generator.DefaultInstantiationScheme::instantiator (5 bytes)
Event: 6.131 Thread 0x0000000016363800 nmethod 3467 0x0000000003a32310 code [0x0000000003a32460, 0x0000000003a32570]

GC Heap History (10 events):
Event: 3.423 GC heap before
{Heap before GC invocations=5 (full 1):
 PSYoungGen      total 76288K, used 7735K [0x00000000f5580000, 0x00000000fea80000, 0x0000000100000000)
  eden space 65536K, 0% used [0x00000000f5580000,0x00000000f5580000,0x00000000f9580000)
  from space 10752K, 71% used [0x00000000fa000000,0x00000000fa78dea8,0x00000000faa80000)
  to   space 10752K, 0% used [0x00000000f9580000,0x00000000f9580000,0x00000000fa000000)
 ParOldGen       total 175104K, used 1263K [0x00000000e0000000, 0x00000000eab00000, 0x00000000f5580000)
  object space 175104K, 0% used [0x00000000e0000000,0x00000000e013bf28,0x00000000eab00000)
 Metaspace       used 20585K, capacity 21212K, committed 21296K, reserved 1067008K
  class space    used 2893K, capacity 3092K, committed 3120K, reserved 1048576K
Event: 3.458 GC heap after
Heap after GC invocations=5 (full 1):
 PSYoungGen      total 76288K, used 0K [0x00000000f5580000, 0x00000000fea80000, 0x0000000100000000)
  eden space 65536K, 0% used [0x00000000f5580000,0x00000000f5580000,0x00000000f9580000)
  from space 10752K, 0% used [0x00000000fa000000,0x00000000fa000000,0x00000000faa80000)
  to   space 10752K, 0% used [0x00000000f9580000,0x00000000f9580000,0x00000000fa000000)
 ParOldGen       total 175104K, used 7511K [0x00000000e0000000, 0x00000000eab00000, 0x00000000f5580000)
  object space 175104K, 4% used [0x00000000e0000000,0x00000000e0755ef8,0x00000000eab00000)
 Metaspace       used 20585K, capacity 21212K, committed 21296K, reserved 1067008K
  class space    used 2893K, capacity 3092K, committed 3120K, reserved 1048576K
}
Event: 4.265 GC heap before
{Heap before GC invocations=6 (full 1):
 PSYoungGen      total 76288K, used 65536K [0x00000000f5580000, 0x00000000fea80000, 0x0000000100000000)
  eden space 65536K, 100% used [0x00000000f5580000,0x00000000f9580000,0x00000000f9580000)
  from space 10752K, 0% used [0x00000000fa000000,0x00000000fa000000,0x00000000faa80000)
  to   space 10752K, 0% used [0x00000000f9580000,0x00000000f9580000,0x00000000fa000000)
 ParOldGen       total 175104K, used 7511K [0x00000000e0000000, 0x00000000eab00000, 0x00000000f5580000)
  object space 175104K, 4% used [0x00000000e0000000,0x00000000e0755ef8,0x00000000eab00000)
 Metaspace       used 28100K, capacity 28798K, committed 28976K, reserved 1075200K
  class space    used 3877K, capacity 4102K, committed 4144K, reserved 1048576K
Event: 4.270 GC heap after
Heap after GC invocations=6 (full 1):
 PSYoungGen      total 76288K, used 8035K [0x00000000f5580000, 0x00000000fda80000, 0x0000000100000000)
  eden space 65536K, 0% used [0x00000000f5580000,0x00000000f5580000,0x00000000f9580000)
  from space 10752K, 74% used [0x00000000f9580000,0x00000000f9d58c10,0x00000000fa000000)
  to   space 12288K, 0% used [0x00000000fce80000,0x00000000fce80000,0x00000000fda80000)
 ParOldGen       total 175104K, used 7519K [0x00000000e0000000, 0x00000000eab00000, 0x00000000f5580000)
  object space 175104K, 4% used [0x00000000e0000000,0x00000000e0757ef8,0x00000000eab00000)
 Metaspace       used 28100K, capacity 28798K, committed 28976K, reserved 1075200K
  class space    used 3877K, capacity 4102K, committed 4144K, reserved 1048576K
}
Event: 4.989 GC heap before
{Heap before GC invocations=7 (full 1):
 PSYoungGen      total 76288K, used 73571K [0x00000000f5580000, 0x00000000fda80000, 0x0000000100000000)
  eden space 65536K, 100% used [0x00000000f5580000,0x00000000f9580000,0x00000000f9580000)
  from space 10752K, 74% used [0x00000000f9580000,0x00000000f9d58c10,0x00000000fa000000)
  to   space 12288K, 0% used [0x00000000fce80000,0x00000000fce80000,0x00000000fda80000)
 ParOldGen       total 175104K, used 7519K [0x00000000e0000000, 0x00000000eab00000, 0x00000000f5580000)
  object space 175104K, 4% used [0x00000000e0000000,0x00000000e0757ef8,0x00000000eab00000)
 Metaspace       used 33511K, capacity 34332K, committed 34736K, reserved 1079296K
  class space    used 4478K, capacity 4735K, committed 4784K, reserved 1048576K
Event: 5.001 GC heap after
Heap after GC invocations=7 (full 1):
 PSYoungGen      total 121856K, used 9035K [0x00000000f5580000, 0x00000000fd980000, 0x0000000100000000)
  eden space 110592K, 0% used [0x00000000f5580000,0x00000000f5580000,0x00000000fc180000)
  from space 11264K, 80% used [0x00000000fce80000,0x00000000fd752e88,0x00000000fd980000)
  to   space 12288K, 0% used [0x00000000fc180000,0x00000000fc180000,0x00000000fcd80000)
 ParOldGen       total 175104K, used 7527K [0x00000000e0000000, 0x00000000eab00000, 0x00000000f5580000)
  object space 175104K, 4% used [0x00000000e0000000,0x00000000e0759ef8,0x00000000eab00000)
 Metaspace       used 33511K, capacity 34332K, committed 34736K, reserved 1079296K
  class space    used 4478K, capacity 4735K, committed 4784K, reserved 1048576K
}
Event: 5.166 GC heap before
{Heap before GC invocations=8 (full 1):
 PSYoungGen      total 121856K, used 19494K [0x00000000f5580000, 0x00000000fd980000, 0x0000000100000000)
  eden space 110592K, 9% used [0x00000000f5580000,0x00000000f5fb6b98,0x00000000fc180000)
  from space 11264K, 80% used [0x00000000fce80000,0x00000000fd752e88,0x00000000fd980000)
  to   space 12288K, 0% used [0x00000000fc180000,0x00000000fc180000,0x00000000fcd80000)
 ParOldGen       total 175104K, used 7527K [0x00000000e0000000, 0x00000000eab00000, 0x00000000f5580000)
  object space 175104K, 4% used [0x00000000e0000000,0x00000000e0759ef8,0x00000000eab00000)
 Metaspace       used 34442K, capacity 35272K, committed 35496K, reserved 1079296K
  class space    used 4575K, capacity 4833K, committed 4912K, reserved 1048576K
Event: 5.174 GC heap after
Heap after GC invocations=8 (full 1):
 PSYoungGen      total 122880K, used 7118K [0x00000000f5580000, 0x00000000fd980000, 0x0000000100000000)
  eden space 110592K, 0% used [0x00000000f5580000,0x00000000f5580000,0x00000000fc180000)
  from space 12288K, 57% used [0x00000000fc180000,0x00000000fc873b48,0x00000000fcd80000)
  to   space 11264K, 0% used [0x00000000fce80000,0x00000000fce80000,0x00000000fd980000)
 ParOldGen       total 175104K, used 7535K [0x00000000e0000000, 0x00000000eab00000, 0x00000000f5580000)
  object space 175104K, 4% used [0x00000000e0000000,0x00000000e075bef8,0x00000000eab00000)
 Metaspace       used 34442K, capacity 35272K, committed 35496K, reserved 1079296K
  class space    used 4575K, capacity 4833K, committed 4912K, reserved 1048576K
}
Event: 5.174 GC heap before
{Heap before GC invocations=9 (full 2):
 PSYoungGen      total 122880K, used 7118K [0x00000000f5580000, 0x00000000fd980000, 0x0000000100000000)
  eden space 110592K, 0% used [0x00000000f5580000,0x00000000f5580000,0x00000000fc180000)
  from space 12288K, 57% used [0x00000000fc180000,0x00000000fc873b48,0x00000000fcd80000)
  to   space 11264K, 0% used [0x00000000fce80000,0x00000000fce80000,0x00000000fd980000)
 ParOldGen       total 175104K, used 7535K [0x00000000e0000000, 0x00000000eab00000, 0x00000000f5580000)
  object space 175104K, 4% used [0x00000000e0000000,0x00000000e075bef8,0x00000000eab00000)
 Metaspace       used 34442K, capacity 35272K, committed 35496K, reserved 1079296K
  class space    used 4575K, capacity 4833K, committed 4912K, reserved 1048576K
Event: 5.232 GC heap after
Heap after GC invocations=9 (full 2):
 PSYoungGen      total 122880K, used 0K [0x00000000f5580000, 0x00000000fd980000, 0x0000000100000000)
  eden space 110592K, 0% used [0x00000000f5580000,0x00000000f5580000,0x00000000fc180000)
  from space 12288K, 0% used [0x00000000fc180000,0x00000000fc180000,0x00000000fcd80000)
  to   space 11264K, 0% used [0x00000000fce80000,0x00000000fce80000,0x00000000fd980000)
 ParOldGen       total 175104K, used 14027K [0x00000000e0000000, 0x00000000eab00000, 0x00000000f5580000)
  object space 175104K, 8% used [0x00000000e0000000,0x00000000e0db2e10,0x00000000eab00000)
 Metaspace       used 34442K, capacity 35272K, committed 35496K, reserved 1079296K
  class space    used 4575K, capacity 4833K, committed 4912K, reserved 1048576K
}

Deoptimization events (10 events):
Event: 5.758 Thread 0x0000000018d7e800 Uncommon trap: reason=range_check action=make_not_entrant pc=0x0000000003673190 method=java.lang.String.charAt(I)C @ 27
Event: 5.919 Thread 0x0000000018d7e800 Uncommon trap: reason=unstable_if action=reinterpret pc=0x00000000038d216c method=java.util.HashMap.getNode(ILjava/lang/Object;)Ljava/util/HashMap$Node; @ 53
Event: 5.919 Thread 0x0000000018d7e800 Uncommon trap: reason=unstable_if action=reinterpret pc=0x00000000031971bc method=java.util.HashMap.hash(Ljava/lang/Object;)I @ 1
Event: 5.945 Thread 0x0000000018d7e800 Uncommon trap: reason=unstable_if action=reinterpret pc=0x0000000002f34c44 method=java.util.HashMap.getNode(ILjava/lang/Object;)Ljava/util/HashMap$Node; @ 53
Event: 5.961 Thread 0x0000000018d7e800 Uncommon trap: reason=bimorphic action=maybe_recompile pc=0x00000000036b37d4 method=java.util.AbstractCollection.addAll(Ljava/util/Collection;)Z @ 29
Event: 6.005 Thread 0x0000000018d7e800 Uncommon trap: reason=unstable_if action=reinterpret pc=0x000000000336f880 method=java.net.URLStreamHandler.sameFile(Ljava/net/URL;Ljava/net/URL;)Z @ 63
Event: 6.054 Thread 0x0000000018d7e800 Uncommon trap: reason=unstable_if action=reinterpret pc=0x000000000398771c method=java.lang.ClassLoader.checkCerts(Ljava/lang/String;Ljava/security/CodeSource;)V @ 29
Event: 6.063 Thread 0x0000000018d7e800 Uncommon trap: reason=unstable_if action=reinterpret pc=0x0000000003473444 method=java.util.WeakHashMap.put(Ljava/lang/Object;Ljava/lang/Object;)Ljava/lang/Object; @ 59
Event: 6.084 Thread 0x0000000018d7e800 Uncommon trap: reason=unstable_if action=reinterpret pc=0x00000000035fb338 method=org.gradle.internal.reflect.PropertyAccessorType.isGetGetterName(Ljava/lang/String;)Z @ 14
Event: 6.130 Thread 0x0000000018d7e800 Uncommon trap: reason=unstable_if action=reinterpret pc=0x0000000003801c38 method=java.util.regex.Pattern$CharProperty.match(Ljava/util/regex/Matcher;ILjava/lang/CharSequence;)Z @ 40

Classes redefined (0 events):
No events

Internal exceptions (10 events):
Event: 6.051 Thread 0x0000000018d7e800 Exception <a 'java/lang/ClassNotFoundException': org/codehaus/groovy/reflection/CachedFieldCustomizer> (0x00000000f997f818) thrown at [C:\src\AOSP-openjdk-git\hotspot\src\share\vm\classfile\systemDictionary.cpp, line 210]
Event: 6.054 Thread 0x0000000018d7e800 Implicit null exception at 0x000000000398712b to 0x0000000003987705
Event: 6.058 Thread 0x0000000018d7e800 Exception <a 'java/lang/ClassNotFoundException': java/util/ArrayListBeanInfo> (0x00000000f9aa7ae0) thrown at [C:\src\AOSP-openjdk-git\hotspot\src\share\vm\classfile\systemDictionary.cpp, line 210]
Event: 6.058 Thread 0x0000000018d7e800 Exception <a 'java/lang/ClassNotFoundException': java/util/AbstractListBeanInfo> (0x00000000f9ab2028) thrown at [C:\src\AOSP-openjdk-git\hotspot\src\share\vm\classfile\systemDictionary.cpp, line 210]
Event: 6.058 Thread 0x0000000018d7e800 Exception <a 'java/lang/ClassNotFoundException': java/util/AbstractCollectionBeanInfo> (0x00000000f9abd568) thrown at [C:\src\AOSP-openjdk-git\hotspot\src\share\vm\classfile\systemDictionary.cpp, line 210]
Event: 6.059 Thread 0x0000000018d7e800 Exception <a 'java/lang/ClassNotFoundException': java/util/AbstractCollectionCustomizer> (0x00000000f9ac8dd0) thrown at [C:\src\AOSP-openjdk-git\hotspot\src\share\vm\classfile\systemDictionary.cpp, line 210]
Event: 6.059 Thread 0x0000000018d7e800 Exception <a 'java/lang/ClassNotFoundException': java/util/AbstractListCustomizer> (0x00000000f9ade210) thrown at [C:\src\AOSP-openjdk-git\hotspot\src\share\vm\classfile\systemDictionary.cpp, line 210]
Event: 6.060 Thread 0x0000000018d7e800 Exception <a 'java/lang/ClassNotFoundException': java/util/ArrayListCustomizer> (0x00000000f9af5ac8) thrown at [C:\src\AOSP-openjdk-git\hotspot\src\share\vm\classfile\systemDictionary.cpp, line 210]
Event: 6.063 Thread 0x0000000018d7e800 Exception <a 'java/lang/ClassNotFoundException': java/util/CollectionBeanInfo> (0x00000000f9b7aa50) thrown at [C:\src\AOSP-openjdk-git\hotspot\src\share\vm\classfile\systemDictionary.cpp, line 210]
Event: 6.063 Thread 0x0000000018d7e800 Exception <a 'java/lang/ClassNotFoundException': java/util/CollectionCustomizer> (0x00000000f9b84f28) thrown at [C:\src\AOSP-openjdk-git\hotspot\src\share\vm\classfile\systemDictionary.cpp, line 210]

Events (10 events):
Event: 6.130 Thread 0x0000000018d7e800 DEOPT PACKING pc=0x0000000003801c38 sp=0x000000001a938e60
Event: 6.130 Thread 0x0000000018d7e800 DEOPT UNPACKING pc=0x0000000002d2557b sp=0x000000001a938e10 mode 2
Event: 6.131 loading class org/gradle/configuration/project/BuildScriptProcessor$1
Event: 6.131 loading class org/gradle/configuration/project/BuildScriptProcessor$1 done
Event: 6.132 loading class org/gradle/internal/build/event/types/DefaultScriptPluginIdentifier
Event: 6.132 loading class org/gradle/internal/build/event/types/DefaultScriptPluginIdentifier done
Event: 6.133 loading class org/gradle/configuration/ProjectScriptTarget
Event: 6.133 loading class org/gradle/configuration/ProjectScriptTarget done
Event: 6.133 loading class org/gradle/api/internal/project/ProjectScript
Event: 6.133 loading class org/gradle/api/internal/project/ProjectScript done


Dynamic libraries:
0x00007ff747990000 - 0x00007ff7479c1000 	C:\Program Files\Android\Android Studio\jre\bin\java.exe
0x00007ffd09890000 - 0x00007ffd09a7d000 	C:\Windows\SYSTEM32\ntdll.dll
0x00007ffd07a80000 - 0x00007ffd07b33000 	C:\Windows\System32\KERNEL32.DLL
0x00007ffd05950000 - 0x00007ffd05be5000 	C:\Windows\System32\KERNELBASE.dll
0x00007ffd06db0000 - 0x00007ffd06e53000 	C:\Windows\System32\ADVAPI32.dll
0x00007ffd092a0000 - 0x00007ffd0933e000 	C:\Windows\System32\msvcrt.dll
0x00007ffd07010000 - 0x00007ffd070ae000 	C:\Windows\System32\sechost.dll
0x00007ffd095c0000 - 0x00007ffd096e2000 	C:\Windows\System32\RPCRT4.dll
0x00007ffd09420000 - 0x00007ffd095b7000 	C:\Windows\System32\USER32.dll
0x00007ffd06a30000 - 0x00007ffd06a50000 	C:\Windows\System32\win32u.dll
0x00007ffd093f0000 - 0x00007ffd09419000 	C:\Windows\System32\GDI32.dll
0x00007ffd065f0000 - 0x00007ffd0678a000 	C:\Windows\System32\gdi32full.dll
0x00007ffd06970000 - 0x00007ffd06a10000 	C:\Windows\System32\msvcp_win.dll
0x00007ffd05d20000 - 0x00007ffd05e1a000 	C:\Windows\System32\ucrtbase.dll
0x00007ffcf66c0000 - 0x00007ffcf6939000 	C:\Windows\WinSxS\amd64_microsoft.windows.common-controls_6595b64144ccf1df_6.0.17763.1282_none_de75b6f253473c0f\COMCTL32.dll
0x00007ffd07720000 - 0x00007ffd07a4c000 	C:\Windows\System32\combase.dll
0x00007ffd05bf0000 - 0x00007ffd05c6e000 	C:\Windows\System32\bcryptPrimitives.dll
0x00007ffd07a50000 - 0x00007ffd07a7e000 	C:\Windows\System32\IMM32.DLL
0x0000000059080000 - 0x0000000059152000 	C:\Program Files\Android\Android Studio\jre\jre\bin\msvcr100.dll
0x00000000595d0000 - 0x0000000059e1b000 	C:\Program Files\Android\Android Studio\jre\jre\bin\server\jvm.dll
0x00007ffd06b60000 - 0x00007ffd06b68000 	C:\Windows\System32\PSAPI.DLL
0x00007ffd006b0000 - 0x00007ffd006b9000 	C:\Windows\SYSTEM32\WSOCK32.dll
0x00007ffd038a0000 - 0x00007ffd038c4000 	C:\Windows\SYSTEM32\WINMM.dll
0x00007ffcf9a50000 - 0x00007ffcf9a5a000 	C:\Windows\SYSTEM32\VERSION.dll
0x00007ffd091b0000 - 0x00007ffd0921d000 	C:\Windows\System32\WS2_32.dll
0x00007ffd03870000 - 0x00007ffd0389d000 	C:\Windows\SYSTEM32\winmmbase.dll
0x00007ffd065a0000 - 0x00007ffd065ea000 	C:\Windows\System32\cfgmgr32.dll
0x00007ffd006a0000 - 0x00007ffd006af000 	C:\Program Files\Android\Android Studio\jre\jre\bin\verify.dll
0x00007ffd004a0000 - 0x00007ffd004c9000 	C:\Program Files\Android\Android Studio\jre\jre\bin\java.dll
0x00007ffd00480000 - 0x00007ffd00496000 	C:\Program Files\Android\Android Studio\jre\jre\bin\zip.dll
0x00007ffd07cb0000 - 0x00007ffd091a8000 	C:\Windows\System32\SHELL32.dll
0x00007ffd09340000 - 0x00007ffd093e8000 	C:\Windows\System32\shcore.dll
0x00007ffd05e50000 - 0x00007ffd0659f000 	C:\Windows\System32\windows.storage.dll
0x00007ffd058c0000 - 0x00007ffd058e4000 	C:\Windows\System32\profapi.dll
0x00007ffd058f0000 - 0x00007ffd0594d000 	C:\Windows\System32\powrprof.dll
0x00007ffd07bc0000 - 0x00007ffd07c12000 	C:\Windows\System32\shlwapi.dll
0x00007ffd05880000 - 0x00007ffd05891000 	C:\Windows\System32\kernel.appcore.dll
0x00007ffd06a10000 - 0x00007ffd06a27000 	C:\Windows\System32\cryptsp.dll
0x00007ffcfe3a0000 - 0x00007ffcfe3ba000 	C:\Program Files\Android\Android Studio\jre\jre\bin\net.dll
0x00007ffd050e0000 - 0x00007ffd05147000 	C:\Windows\system32\mswsock.dll
0x00007ffcfe380000 - 0x00007ffcfe393000 	C:\Program Files\Android\Android Studio\jre\jre\bin\nio.dll
0x00007ffcfbe10000 - 0x00007ffcfbe36000 	C:\Users\Dimon\.gradle\native\31\windows-amd64\native-platform.dll
0x00007ffd00470000 - 0x00007ffd0047d000 	C:\Program Files\Android\Android Studio\jre\jre\bin\management.dll
0x00007ffd04c60000 - 0x00007ffd04c93000 	C:\Windows\system32\rsaenh.dll
0x00007ffd05e20000 - 0x00007ffd05e46000 	C:\Windows\System32\bcrypt.dll
0x00007ffd057b0000 - 0x00007ffd057d8000 	C:\Windows\SYSTEM32\USERENV.dll
0x00007ffd052b0000 - 0x00007ffd052bc000 	C:\Windows\SYSTEM32\CRYPTBASE.dll
0x00007ffd04e00000 - 0x00007ffd04e3d000 	C:\Windows\SYSTEM32\IPHLPAPI.DLL
0x00007ffd07c20000 - 0x00007ffd07c28000 	C:\Windows\System32\NSI.dll
0x00007ffcf96a0000 - 0x00007ffcf96b6000 	C:\Windows\SYSTEM32\dhcpcsvc6.DLL
0x00007ffcfa450000 - 0x00007ffcfa46c000 	C:\Windows\SYSTEM32\dhcpcsvc.DLL
0x00007ffd04e40000 - 0x00007ffd04f07000 	C:\Windows\SYSTEM32\DNSAPI.dll

VM Arguments:
jvm_args: -XX:MaxMetaspaceSize=256m -XX:+HeapDumpOnOutOfMemoryError -Xms256m -Xmx512m -Dfile.encoding=windows-1251 -Duser.country=US -Duser.language=en -Duser.variant 
java_command: org.gradle.launcher.daemon.bootstrap.GradleDaemon 6.1.1
java_class_path (initial): C:\Users\Dimon\.gradle\wrapper\dists\gradle-6.1.1-all\cfmwm155h49vnt3hynmlrsdst\gradle-6.1.1\lib\gradle-launcher-6.1.1.jar
Launcher Type: SUN_STANDARD

Environment Variables:
PATH=C:\Windows\system32;C:\Windows;C:\Windows\System32\Wbem;C:\Windows\System32\WindowsPowerShell\v1.0\;C:\Windows\System32\OpenSSH\;C:\Git\cmd;C:\Program Files\Microsoft SQL Server\130\Tools\Binn\;C:\Program Files\dotnet\;C:\Users\Dimon\AppData\Local\Microsoft\WindowsApps;C:\Users\Dimon\AppData\Local\GitHubDesktop\bin;C:\Git\bin;
USERNAME=Dimon
OS=Windows_NT
PROCESSOR_IDENTIFIER=Intel64 Family 6 Model 60 Stepping 3, GenuineIntel



---------------  S Y S T E M  ---------------

OS: Windows 10.0 , 64 bit Build 17763 (10.0.17763.1158)

CPU:total 8 (initial active 8) (4 cores per cpu, 2 threads per core) family 6 model 60 stepping 3, cmov, cx8, fxsr, mmx, sse, sse2, sse3, ssse3, sse4.1, sse4.2, popcnt, avx, avx2, aes, clmul, erms, lzcnt, ht, tsc, tscinvbit, bmi1, bmi2

Memory: 4k page, physical 8298776k(850548k free), swap 8298776k(5256k free)

vm_info: OpenJDK 64-Bit Server VM (25.242-b01) for windows-amd64 JRE (1.8.0_242-release-1644-b01), built by "builder" with MS VC++ 10.0 (VS2010)

time: Thu Jul 16 10:47:14 2020
timezone: Russia TZ 2 Standard Time
elapsed time: 6 seconds (0d 0h 0m 6s)

